Tocantins: Vermelho.
Piauí: Verde.
Goiás: Verde.
Sergipe: Vermelho.
Minas Gerais: Amarelo.
Pernambuco: Vermelho.
Amazonas: Vermelho.
Mato Grosso do Sul: Vermelho.
Santa Catarina: Vermelho.
Rio de Janeiro: Azul.
Espírito Santo: Vermelho.
Paraíba: Verde.
Distrito Federal: Azul.
Rio Grande do Sul: Azul.
Paraná: Azul.
Mato Grosso: Azul.
Acre: Azul.
Roraima: Azul.
Rondônia: Verde.
Amapá: Azul.
Maranhão: Azul.
Rio Grande do Norte: Vermelho.
Ceará: Azul.
Pará: Verde.
Bahia: Azul.
Alagoas: Verde.
São Paulo: Verde.
